-------------------------------------------------------------------------------
Test set: POF.POFMeetMeTest
-------------------------------------------------------------------------------
Tests run: 1, Failures: 0, Errors: 1, Skipped: 0, Time elapsed: 10.548 s <<< FAILURE! - in POF.POFMeetMeTest
pofMeetMe  Time elapsed: 10.533 s  <<< ERROR!
java.lang.NumberFormatException: For input string: "${swipe}"
	at POF.POFMeetMeTest.pofMeetMe(POFMeetMeTest.java:45)

