-------------------------------------------------------------------------------
Test set: POF.POFUltraMatchesTest
-------------------------------------------------------------------------------
Tests run: 1, Failures: 1, Errors: 0, Skipped: 0, Time elapsed: 30.692 s <<< FAILURE! - in POF.POFUltraMatchesTest
pofUltraMatches  Time elapsed: 30.692 s  <<< FAILURE!
org.opentest4j.AssertionFailedError
	at POF.POFUltraMatchesTest.pofUltraMatches(POFUltraMatchesTest.java:116)

